2019-02-18 18:18:23 INFO  [controller_layer.getHorsesByRaceId]: read horses by race
2019-02-18 18:18:26 INFO  [controller_layer.getRacesByDate]: read races by date
2019-02-18 18:18:31 INFO  [controller_layer.getWinnersByRaceId]: read winners by race
2019-02-18 18:18:35 INFO  [controller_layer.updateResultForRace]: update race result
2019-02-18 18:20:22 INFO  [controller_layer.getHorsesByRaceId]: read horses by race
2019-02-18 18:32:30 INFO  [controller_layer.getHorsesByRaceId]: read horses by race
2019-02-18 18:32:36 INFO  [controller_layer.getRacesByDate]: read races by date
2019-02-18 18:32:38 INFO  [controller_layer.getWinnersByRaceId]: read winners by race
2019-02-18 18:32:43 INFO  [controller_layer.updateResultForRace]: update race result
2019-02-22 20:47:53 INFO  [controller_layer.getHorsesByRaceId]: read horses by race
2019-02-22 20:47:55 INFO  [controller_layer.getRacesByDate]: read races by date
2019-02-22 20:47:56 INFO  [controller_layer.getWinnersByRaceId]: read winners by race
2019-02-22 20:47:57 INFO  [controller_layer.updateResultForRace]: update race result
2019-02-22 20:56:51 INFO  [controller_layer.getHorsesByRaceId]: read horses by race
2019-02-22 20:56:51 INFO  [controller_layer.getRacesByDate]: read races by date
2019-02-22 20:56:51 INFO  [controller_layer.getWinnersByRaceId]: read winners by race
2019-02-22 20:56:51 INFO  [controller_layer.updateResultForRace]: update race result
2019-02-22 20:57:01 INFO  [controller_layer.getHorsesByRaceId]: read horses by race
2019-02-22 20:57:01 INFO  [controller_layer.getRacesByDate]: read races by date
2019-02-22 20:57:01 INFO  [controller_layer.getWinnersByRaceId]: read winners by race
2019-02-22 20:57:01 INFO  [controller_layer.updateResultForRace]: update race result
2019-02-22 21:12:27 INFO  [controller_layer.getHorsesByRaceId]: read horses by race
2019-02-22 21:12:27 INFO  [controller_layer.getRacesByDate]: read races by date
2019-02-22 21:12:27 INFO  [controller_layer.getWinnersByRaceId]: read winners by race
2019-02-22 21:12:27 INFO  [controller_layer.updateResultForRace]: update race result
2019-02-22 22:25:12 INFO  [controller_layer.getHorsesByRaceId]: read horses by race
2019-02-22 22:25:12 INFO  [controller_layer.getRacesByDate]: read races by date
2019-02-22 22:25:12 INFO  [controller_layer.getWinnersByRaceId]: read winners by race
2019-02-22 22:25:12 INFO  [controller_layer.updateResultForRace]: update race result
2019-02-23 19:42:51 INFO  [controller_layer.getHorsesByRaceId]: read horses by race
2019-02-23 19:42:51 INFO  [controller_layer.getRacesByDate]: read races by date
2019-02-23 19:42:51 INFO  [controller_layer.getWinnersByRaceId]: read winners by race
2019-02-23 19:42:51 INFO  [controller_layer.updateResultForRace]: update race result
2019-02-24 15:35:37 INFO  [controller_layer.getHorsesByRaceId]: read horses by race
2019-02-24 15:35:37 INFO  [controller_layer.getRacesByDate]: read races by date
2019-02-24 15:35:37 INFO  [controller_layer.getWinnersByRaceId]: read winners by race
2019-02-24 15:35:37 INFO  [controller_layer.updateResultForRace]: update race result
2019-02-24 16:22:33 INFO  [controller_layer.getHorsesByRaceId]: read horses by race
2019-02-24 16:22:33 INFO  [controller_layer.getRacesByDate]: read races by date
2019-02-24 16:22:33 INFO  [controller_layer.getWinnersByRaceId]: read winners by race
2019-02-24 16:22:33 INFO  [controller_layer.updateResultForRace]: update race result
2019-02-24 16:24:08 INFO  [controller_layer.getHorsesByRaceId]: read horses by race
2019-02-24 16:24:08 INFO  [controller_layer.getRacesByDate]: read races by date
2019-02-24 16:24:08 INFO  [controller_layer.getWinnersByRaceId]: read winners by race
2019-02-24 16:24:08 INFO  [controller_layer.updateResultForRace]: update race result
2019-02-26 20:59:59 INFO  [controller_layer.getHorsesByRaceId]: read horses by race
2019-02-26 20:59:59 INFO  [controller_layer.getRacesByDate]: read races by date
2019-02-26 20:59:59 INFO  [controller_layer.getWinnersByRaceId]: read winners by race
2019-02-26 20:59:59 INFO  [controller_layer.updateResultForRace]: update race result
2019-02-28 22:00:42 INFO  [controller_layer.getRacesByDate]: read races by date
2019-02-28 22:01:57 INFO  [controller_layer.getRacesByDate]: read races by date
2019-02-28 22:02:28 INFO  [controller_layer.getRacesByDate]: read races by date
2019-02-28 22:54:51 INFO  [controller_layer.getRacesByDate]: read races by date
2019-02-28 23:04:10 INFO  [controller_layer.getRacesByDate]: read races by date
2019-02-28 23:05:53 INFO  [controller_layer.getRacesByDate]: read races by date
2019-02-28 23:09:13 INFO  [controller_layer.getRacesByDate]: read races by date
2019-02-28 23:20:35 INFO  [controller_layer.getRacesByDate]: read races by date
2019-02-28 23:29:42 INFO  [controller_layer.getRacesByDate]: read races by date
2019-02-28 23:50:48 INFO  [controller_layer.getRacesByDate]: read races by date
2019-03-01 00:09:33 INFO  [controller_layer.getHorsesByRaceId]: read horses by race
2019-03-01 00:10:10 INFO  [controller_layer.getHorsesByRaceId]: read horses by race
2019-03-01 00:13:17 INFO  [controller_layer.getHorsesByRaceId]: read horses by race
2019-03-01 00:13:48 INFO  [controller_layer.getHorsesByRaceId]: read horses by race
2019-03-01 00:13:48 INFO  [controller_layer.updateResultForRace]: update race result
2019-03-01 00:15:19 INFO  [controller_layer.getHorsesByRaceId]: read horses by race
2019-03-01 00:15:19 INFO  [controller_layer.updateResultForRace]: update race result
2019-03-01 00:15:19 INFO  [controller_layer.getRacesByDate]: read races by date
2019-03-01 00:15:58 INFO  [controller_layer.getHorsesByRaceId]: read horses by race
2019-03-01 00:15:58 INFO  [controller_layer.updateResultForRace]: update race result
2019-03-01 00:16:32 INFO  [controller_layer.getHorsesByRaceId]: read horses by race
2019-03-01 00:16:32 INFO  [controller_layer.updateResultForRace]: update race result
2019-03-01 00:17:43 INFO  [controller_layer.getHorsesByRaceId]: read horses by race
2019-03-01 00:17:43 INFO  [controller_layer.updateResultForRace]: update race result
2019-03-01 00:17:44 INFO  [controller_layer.addHorceToRace]: added horse tp race
2019-03-01 00:17:44 INFO  [controller_layer.getRacesByDate]: read races by date
2019-03-01 17:01:58 INFO  [controller_layer.getHorsesByRaceId]: read horses by race
2019-03-01 17:01:58 INFO  [controller_layer.updateResultForRace]: update race result
2019-03-01 19:03:31 INFO  [controller_layer.getHorsesByRaceId]: read horses by race
2019-03-01 19:04:59 INFO  [controller_layer.getHorsesByRaceId]: read horses by race
2019-03-01 19:06:09 INFO  [controller_layer.getHorsesByRaceId]: read horses by race
2019-03-01 19:06:23 INFO  [controller_layer.updateResultForRace]: update race result
2019-03-01 19:06:33 INFO  [controller_layer.getRacesByDate]: read races by date
2019-03-01 19:59:52 INFO  [controller_layer.getHorsesByRaceId]: read horses by race
2019-03-01 20:00:05 INFO  [controller_layer.getHorsesByRaceId]: read horses by race
2019-03-01 20:00:50 INFO  [controller_layer.getHorsesByRaceId]: read horses by race
2019-03-01 20:01:19 INFO  [controller_layer.getHorsesByRaceId]: read horses by race
2019-03-01 20:02:29 INFO  [controller_layer.getHorsesByRaceId]: read horses by race
2019-03-01 20:03:12 INFO  [controller_layer.getHorsesByRaceId]: read horses by race
2019-03-01 20:03:32 INFO  [controller_layer.getHorsesByRaceId]: read horses by race
2019-03-01 20:03:32 INFO  [controller_layer.updateResultForRace]: update race result
2019-03-01 20:03:32 INFO  [controller_layer.getRacesByDate]: read races by date
2019-03-01 20:04:34 INFO  [controller_layer.getHorsesByRaceId]: read horses by race
2019-03-01 20:04:34 INFO  [controller_layer.updateResultForRace]: update race result
2019-03-01 20:04:35 INFO  [controller_layer.getRacesByDate]: read races by date
2019-03-01 20:09:02 INFO  [controller_layer.getHorsesByRaceId]: read horses by race
2019-03-01 20:16:39 INFO  [controller_layer.getHorsesByRaceId]: read horses by race
2019-03-01 20:28:09 INFO  [controller_layer.getHorsesByRaceId]: read horses by race
2019-03-01 20:36:55 INFO  [controller_layer.getHorsesByRaceId]: read horses by race
2019-03-01 20:36:55 INFO  [controller_layer.getWinnersByRaceId]: read winners by race
2019-03-01 20:36:56 INFO  [controller_layer.updateResultForRace]: update race result
2019-03-01 20:36:56 INFO  [controller_layer.getRacesByDate]: read races by date
2019-03-01 20:37:19 INFO  [controller_layer.getHorsesByRaceId]: read horses by race
2019-03-01 20:37:19 INFO  [controller_layer.getWinnersByRaceId]: read winners by race
2019-03-01 20:37:19 INFO  [controller_layer.updateResultForRace]: update race result
2019-03-01 20:37:20 INFO  [controller_layer.getRacesByDate]: read races by date
2019-03-01 20:38:11 INFO  [controller_layer.getHorsesByRaceId]: read horses by race
2019-03-01 20:38:11 INFO  [controller_layer.getWinnersByRaceId]: read winners by race
2019-03-01 20:38:12 INFO  [controller_layer.updateResultForRace]: update race result
2019-03-01 20:38:12 INFO  [controller_layer.getRacesByDate]: read races by date
2019-03-01 20:39:11 INFO  [controller_layer.getHorsesByRaceId]: read horses by race
2019-03-01 20:43:00 INFO  [controller_layer.getWinnersByRaceId]: read winners by race
2019-03-01 20:43:11 INFO  [controller_layer.getHorsesByRaceId]: read horses by race
2019-03-01 20:43:23 INFO  [controller_layer.getWinnersByRaceId]: read winners by race
2019-03-01 20:44:12 INFO  [controller_layer.getHorsesByRaceId]: read horses by race
2019-03-01 20:44:49 INFO  [controller_layer.getWinnersByRaceId]: read winners by race
2019-03-01 20:54:09 INFO  [controller_layer.getHorsesByRaceId]: read horses by race
2019-03-01 20:54:10 INFO  [controller_layer.getWinnersByRaceId]: read winners by race
2019-03-01 20:54:40 INFO  [controller_layer.getHorsesByRaceId]: read horses by race
2019-03-01 20:54:41 INFO  [controller_layer.getWinnersByRaceId]: read winners by race
2019-03-01 20:54:41 INFO  [controller_layer.updateResultForRace]: update race result
2019-03-01 20:54:41 INFO  [controller_layer.getRacesByDate]: read races by date
2019-03-01 20:58:11 INFO  [controller_layer.getHorsesByRaceId]: read horses by race
2019-03-01 20:58:12 INFO  [controller_layer.getWinnersByRaceId]: read winners by race
2019-03-01 20:58:12 INFO  [controller_layer.updateResultForRace]: update race result
2019-03-01 20:58:13 INFO  [controller_layer.getRacesByDate]: read races by date
2019-03-01 21:01:03 INFO  [controller_layer.getHorsesByRaceId]: read horses by race
2019-03-01 21:01:03 INFO  [controller_layer.getWinnersByRaceId]: read winners by race
2019-03-01 21:01:04 INFO  [controller_layer.updateResultForRace]: update race result
2019-03-01 21:01:04 INFO  [controller_layer.getRacesByDate]: read races by date
2019-03-01 21:42:46 INFO  [controller_layer.getHorsesByRaceId]: read horses by race
2019-03-01 21:46:16 INFO  [controller_layer.getHorsesByRaceId]: read horses by race
2019-03-01 21:46:16 INFO  [controller_layer.getWinnersByRaceId]: read winners by race
2019-03-01 21:46:16 INFO  [controller_layer.updateResultForRace]: update race result
2019-03-01 21:46:17 INFO  [controller_layer.getRacesByDate]: read races by date
2019-03-05 23:05:58 INFO  [controller_layer.getHorsesByRaceId]: read horses by race
2019-03-05 23:05:58 INFO  [controller_layer.getWinnersByRaceId]: read winners by race
2019-03-05 23:05:59 INFO  [controller_layer.updateResultForRace]: update race result
2019-03-05 23:06:00 INFO  [controller_layer.getRacesByDate]: read races by date
2019-03-18 17:48:27 INFO  [controller_layer.getHorsesByRaceId]: read horses by race
2019-03-18 17:48:28 INFO  [controller_layer.getWinnersByRaceId]: read winners by race
2019-03-18 17:48:28 INFO  [controller_layer.updateResultForRace]: update race result
2019-03-18 17:48:28 INFO  [controller_layer.getRacesByDate]: read races by date
2019-03-18 17:52:26 INFO  [controller_layer.getHorsesByRaceId]: read horses by race
2019-03-18 17:52:26 INFO  [controller_layer.getWinnersByRaceId]: read winners by race
2019-03-18 17:52:27 INFO  [controller_layer.updateResultForRace]: update race result
2019-03-18 17:52:27 INFO  [controller_layer.getRacesByDate]: read races by date
2019-03-18 17:53:27 INFO  [controller_layer.getHorsesByRaceId]: read horses by race
2019-03-18 17:53:43 INFO  [controller_layer.getHorsesByRaceId]: read horses by race
2019-03-18 17:53:43 INFO  [controller_layer.getWinnersByRaceId]: read winners by race
2019-03-18 17:53:43 INFO  [controller_layer.updateResultForRace]: update race result
2019-03-18 17:53:43 INFO  [controller_layer.getRacesByDate]: read races by date
2019-03-18 17:54:28 INFO  [controller_layer.getHorsesByRaceId]: read horses by race
2019-03-18 17:54:29 INFO  [controller_layer.getWinnersByRaceId]: read winners by race
2019-03-18 17:54:29 INFO  [controller_layer.updateResultForRace]: update race result
2019-03-18 17:54:29 INFO  [controller_layer.getRacesByDate]: read races by date
2019-03-18 17:54:45 INFO  [controller_layer.getHorsesByRaceId]: read horses by race
2019-03-18 17:54:45 INFO  [controller_layer.getWinnersByRaceId]: read winners by race
2019-03-18 17:54:45 INFO  [controller_layer.updateResultForRace]: update race result
2019-03-18 17:54:45 INFO  [controller_layer.getRacesByDate]: read races by date
2019-03-18 17:55:11 INFO  [controller_layer.getHorsesByRaceId]: read horses by race
2019-03-18 17:55:11 INFO  [controller_layer.getWinnersByRaceId]: read winners by race
2019-03-18 17:55:11 INFO  [controller_layer.updateResultForRace]: update race result
2019-03-18 17:55:12 INFO  [controller_layer.getRacesByDate]: read races by date
2019-03-18 17:55:33 INFO  [controller_layer.getHorsesByRaceId]: read horses by race
2019-03-18 17:55:50 INFO  [controller_layer.getHorsesByRaceId]: read horses by race
2019-03-18 17:55:51 INFO  [controller_layer.getWinnersByRaceId]: read winners by race
2019-03-18 17:55:51 INFO  [controller_layer.updateResultForRace]: update race result
2019-03-18 17:55:51 INFO  [controller_layer.getRacesByDate]: read races by date
2019-03-18 17:57:41 INFO  [controller_layer.getHorsesByRaceId]: read horses by race
2019-03-18 17:57:42 INFO  [controller_layer.getWinnersByRaceId]: read winners by race
2019-03-18 17:57:42 INFO  [controller_layer.updateResultForRace]: update race result
2019-03-18 17:57:42 INFO  [controller_layer.getRacesByDate]: read races by date
2019-03-18 17:58:24 INFO  [controller_layer.getHorsesByRaceId]: read horses by race
2019-03-18 17:58:59 INFO  [controller_layer.getHorsesByRaceId]: read horses by race
2019-03-18 17:59:12 INFO  [controller_layer.getHorsesByRaceId]: read horses by race
2019-03-18 17:59:12 INFO  [controller_layer.getWinnersByRaceId]: read winners by race
2019-03-18 17:59:12 INFO  [controller_layer.updateResultForRace]: update race result
2019-03-18 17:59:12 INFO  [controller_layer.getRacesByDate]: read races by date
2019-03-18 18:08:03 INFO  [controller_layer.getHorsesByRaceId]: read horses by race
2019-03-18 18:08:51 INFO  [controller_layer.getHorsesByRaceId]: read horses by race
2019-03-18 18:08:51 INFO  [controller_layer.getWinnersByRaceId]: read winners by race
2019-03-18 18:08:51 INFO  [controller_layer.updateResultForRace]: update race result
2019-03-18 18:08:52 INFO  [controller_layer.getRacesByDate]: read races by date
2019-03-18 18:11:40 INFO  [controller_layer.getHorsesByRaceId]: read horses by race
2019-03-18 18:11:40 INFO  [controller_layer.getWinnersByRaceId]: read winners by race
2019-03-18 18:11:40 INFO  [controller_layer.updateResultForRace]: update race result
2019-03-18 18:11:41 INFO  [controller_layer.getRacesByDate]: read races by date
2019-03-18 18:23:12 INFO  [controller_layer.getHorsesByRaceId]: read horses by race
2019-03-18 18:23:12 INFO  [controller_layer.getWinnersByRaceId]: read winners by race
2019-03-18 18:23:12 INFO  [controller_layer.updateResultForRace]: update race result
2019-03-18 18:23:13 INFO  [controller_layer.getRacesByDate]: read races by date
