2019-02-18 18:18:20 INFO  [dao_layer.<init>]: Connection to database from dao inited
2019-02-18 18:18:23 INFO  [dao_layer.readHorcesInRace]: read horces in race
2019-02-18 18:18:23 INFO  [dao_layer.<init>]: Connection to database from dao inited
2019-02-18 18:18:26 INFO  [dao_layer.readRacesByDate]: read races by date
2019-02-18 18:18:26 INFO  [dao_layer.<init>]: Connection to database from dao inited
2019-02-18 18:18:31 INFO  [dao_layer.readWinnersByRace]: read winners
2019-02-18 18:18:31 INFO  [dao_layer.<init>]: Connection to database from dao inited
2019-02-18 18:18:35 INFO  [dao_layer.setHoresPositionInRace]: set horse in race result races
2019-02-18 18:20:16 INFO  [dao_layer.<init>]: Connection to database from dao inited
2019-02-18 18:20:19 INFO  [dao_layer.<init>]: Connection to database from dao inited
2019-02-18 18:20:22 INFO  [dao_layer.readHorcesInRace]: read horces in race
2019-02-18 18:20:22 INFO  [dao_layer.<init>]: Connection to database from dao inited
2019-02-18 18:32:27 INFO  [dao_layer.<init>]: Connection to database from dao inited
2019-02-18 18:32:27 INFO  [dao_layer.getDBConnector]: requested to db connector
2019-02-18 18:32:30 INFO  [dao_layer.readHorcesInRace]: read horces in race
2019-02-18 18:32:30 INFO  [dao_layer.getDBConnector]: requested to db connector
2019-02-18 18:32:30 INFO  [dao_layer.<init>]: Connection to database from dao inited
2019-02-18 18:32:30 INFO  [dao_layer.getDBConnector]: requested to db connector
2019-02-18 18:32:36 INFO  [dao_layer.readRacesByDate]: read races by date
2019-02-18 18:32:36 INFO  [dao_layer.getDBConnector]: requested to db connector
2019-02-18 18:32:36 INFO  [dao_layer.<init>]: Connection to database from dao inited
2019-02-18 18:32:36 INFO  [dao_layer.getDBConnector]: requested to db connector
2019-02-18 18:32:38 INFO  [dao_layer.readWinnersByRace]: read winners
2019-02-18 18:32:38 INFO  [dao_layer.getDBConnector]: requested to db connector
2019-02-18 18:32:38 INFO  [dao_layer.<init>]: Connection to database from dao inited
2019-02-18 18:32:38 INFO  [dao_layer.getDBConnector]: requested to db connector
2019-02-18 18:32:43 INFO  [dao_layer.setHoresPositionInRace]: set horse in race result races
2019-02-18 18:32:43 INFO  [dao_layer.getDBConnector]: requested to db connector
2019-02-22 20:46:33 INFO  [dao_layer.<init>]: Connection to database from dao inited
2019-02-22 20:46:33 INFO  [dao_layer.getDBConnector]: requested to db connector
2019-02-22 20:46:33 INFO  [dao_layer.getDBConnector]: requested to db connector
2019-02-22 20:46:33 ERROR [by.isysoi.view.Main.main]: Failed to get horses by race id
by.isysoi.model.exception.HorseRaceControllerException: Failed to get horses by race id
	at by.isysoi.controller.HorseRaceController.getHorsesByRaceId(HorseRaceController.java:36) ~[lab8/:?]
	at by.isysoi.view.Main.main(Main.java:19) [lab8/:?]
Caused by: by.isysoi.model.exception.DAOException: Failed establish connection
	at by.isysoi.model.dao.RaceDAO.readHorcesInRace(RaceDAO.java:190) ~[lab8/:?]
	at by.isysoi.controller.HorseRaceController.getHorsesByRaceId(HorseRaceController.java:33) ~[lab8/:?]
	... 1 more
Caused by: by.isysoi.model.exception.DBConnectionException: Error loading driver!
	at by.isysoi.model.DBConnectorPool.getConnection(DBConnector.java:64) ~[lab8/:?]
	at by.isysoi.model.dao.RaceDAO.readHorcesInRace(RaceDAO.java:175) ~[lab8/:?]
	at by.isysoi.controller.HorseRaceController.getHorsesByRaceId(HorseRaceController.java:33) ~[lab8/:?]
	... 1 more
2019-02-22 20:47:51 INFO  [dao_layer.<init>]: Connection to database from dao inited
2019-02-22 20:47:51 INFO  [dao_layer.getDBConnector]: requested to db connector
2019-02-22 20:47:53 INFO  [dao_layer.readHorcesInRace]: read horces in race
2019-02-22 20:47:53 INFO  [dao_layer.getDBConnector]: requested to db connector
2019-02-22 20:47:53 INFO  [dao_layer.<init>]: Connection to database from dao inited
2019-02-22 20:47:53 INFO  [dao_layer.getDBConnector]: requested to db connector
2019-02-22 20:47:55 INFO  [dao_layer.readRacesByDate]: read races by date
2019-02-22 20:47:55 INFO  [dao_layer.getDBConnector]: requested to db connector
2019-02-22 20:47:55 INFO  [dao_layer.<init>]: Connection to database from dao inited
2019-02-22 20:47:55 INFO  [dao_layer.getDBConnector]: requested to db connector
2019-02-22 20:47:56 INFO  [dao_layer.readWinnersByRace]: read winners
2019-02-22 20:47:56 INFO  [dao_layer.getDBConnector]: requested to db connector
2019-02-22 20:47:56 INFO  [dao_layer.<init>]: Connection to database from dao inited
2019-02-22 20:47:56 INFO  [dao_layer.getDBConnector]: requested to db connector
2019-02-22 20:47:57 INFO  [dao_layer.setHoresPositionInRace]: set horse in race result races
2019-02-22 20:47:57 INFO  [dao_layer.getDBConnector]: requested to db connector
2019-02-22 20:56:50 INFO  [dao_layer.<init>]: Connection to database from dao inited
2019-02-22 20:56:50 INFO  [dao_layer.getDBConnector]: requested to db connector
2019-02-22 20:56:51 INFO  [dao_layer.readHorcesInRace]: read horces in race
2019-02-22 20:56:51 INFO  [dao_layer.getDBConnector]: requested to db connector
2019-02-22 20:56:51 INFO  [dao_layer.<init>]: Connection to database from dao inited
2019-02-22 20:56:51 INFO  [dao_layer.getDBConnector]: requested to db connector
2019-02-22 20:56:51 INFO  [dao_layer.readRacesByDate]: read races by date
2019-02-22 20:56:51 INFO  [dao_layer.getDBConnector]: requested to db connector
2019-02-22 20:56:51 INFO  [dao_layer.<init>]: Connection to database from dao inited
2019-02-22 20:56:51 INFO  [dao_layer.getDBConnector]: requested to db connector
2019-02-22 20:56:51 INFO  [dao_layer.readWinnersByRace]: read winners
2019-02-22 20:56:51 INFO  [dao_layer.getDBConnector]: requested to db connector
2019-02-22 20:56:51 INFO  [dao_layer.<init>]: Connection to database from dao inited
2019-02-22 20:56:51 INFO  [dao_layer.getDBConnector]: requested to db connector
2019-02-22 20:56:51 INFO  [dao_layer.setHoresPositionInRace]: set horse in race result races
2019-02-22 20:56:51 INFO  [dao_layer.getDBConnector]: requested to db connector
2019-02-22 20:57:00 INFO  [dao_layer.<init>]: Connection to database from dao inited
2019-02-22 20:57:00 INFO  [dao_layer.getDBConnector]: requested to db connector
2019-02-22 20:57:01 INFO  [dao_layer.readHorcesInRace]: read horces in race
2019-02-22 20:57:01 INFO  [dao_layer.getDBConnector]: requested to db connector
2019-02-22 20:57:01 INFO  [dao_layer.<init>]: Connection to database from dao inited
2019-02-22 20:57:01 INFO  [dao_layer.getDBConnector]: requested to db connector
2019-02-22 20:57:01 INFO  [dao_layer.readRacesByDate]: read races by date
2019-02-22 20:57:01 INFO  [dao_layer.getDBConnector]: requested to db connector
2019-02-22 20:57:01 INFO  [dao_layer.<init>]: Connection to database from dao inited
2019-02-22 20:57:01 INFO  [dao_layer.getDBConnector]: requested to db connector
2019-02-22 20:57:01 INFO  [dao_layer.readWinnersByRace]: read winners
2019-02-22 20:57:01 INFO  [dao_layer.getDBConnector]: requested to db connector
2019-02-22 20:57:01 INFO  [dao_layer.<init>]: Connection to database from dao inited
2019-02-22 20:57:01 INFO  [dao_layer.getDBConnector]: requested to db connector
2019-02-22 20:57:01 INFO  [dao_layer.setHoresPositionInRace]: set horse in race result races
2019-02-22 20:57:01 INFO  [dao_layer.getDBConnector]: requested to db connector
2019-02-22 21:12:26 INFO  [dao_layer.<init>]: Connection to database from dao inited
2019-02-22 21:12:26 INFO  [dao_layer.getDBConnector]: requested to db connector
2019-02-22 21:12:27 INFO  [dao_layer.readHorcesInRace]: read horces in race
2019-02-22 21:12:27 INFO  [dao_layer.getDBConnector]: requested to db connector
2019-02-22 21:12:27 INFO  [dao_layer.<init>]: Connection to database from dao inited
2019-02-22 21:12:27 INFO  [dao_layer.getDBConnector]: requested to db connector
2019-02-22 21:12:27 INFO  [dao_layer.readRacesByDate]: read races by date
2019-02-22 21:12:27 INFO  [dao_layer.getDBConnector]: requested to db connector
2019-02-22 21:12:27 INFO  [dao_layer.<init>]: Connection to database from dao inited
2019-02-22 21:12:27 INFO  [dao_layer.getDBConnector]: requested to db connector
2019-02-22 21:12:27 INFO  [dao_layer.readWinnersByRace]: read winners
2019-02-22 21:12:27 INFO  [dao_layer.getDBConnector]: requested to db connector
2019-02-22 21:12:27 INFO  [dao_layer.<init>]: Connection to database from dao inited
2019-02-22 21:12:27 INFO  [dao_layer.getDBConnector]: requested to db connector
2019-02-22 21:12:27 INFO  [dao_layer.setHoresPositionInRace]: set horse in race result races
2019-02-22 21:12:27 INFO  [dao_layer.getDBConnector]: requested to db connector
2019-02-22 22:25:12 INFO  [dao_layer.<init>]: Connection to database from dao inited
2019-02-22 22:25:12 INFO  [dao_layer.getDBConnector]: requested to db connector
2019-02-22 22:25:12 INFO  [dao_layer.readHorcesInRace]: read horces in race
2019-02-22 22:25:12 INFO  [dao_layer.getDBConnector]: requested to db connector
2019-02-22 22:25:12 INFO  [dao_layer.<init>]: Connection to database from dao inited
2019-02-22 22:25:12 INFO  [dao_layer.getDBConnector]: requested to db connector
2019-02-22 22:25:12 INFO  [dao_layer.readRacesByDate]: read races by date
2019-02-22 22:25:12 INFO  [dao_layer.getDBConnector]: requested to db connector
2019-02-22 22:25:12 INFO  [dao_layer.<init>]: Connection to database from dao inited
2019-02-22 22:25:12 INFO  [dao_layer.getDBConnector]: requested to db connector
2019-02-22 22:25:12 INFO  [dao_layer.readWinnersByRace]: read winners
2019-02-22 22:25:12 INFO  [dao_layer.getDBConnector]: requested to db connector
2019-02-22 22:25:12 INFO  [dao_layer.<init>]: Connection to database from dao inited
2019-02-22 22:25:12 INFO  [dao_layer.getDBConnector]: requested to db connector
2019-02-22 22:25:12 INFO  [dao_layer.setHoresPositionInRace]: set horse in race result races
2019-02-22 22:25:12 INFO  [dao_layer.getDBConnector]: requested to db connector
2019-02-23 19:42:51 INFO  [dao_layer.<init>]: Connection to database from dao inited
2019-02-23 19:42:51 INFO  [dao_layer.getDBConnector]: requested to db connector
2019-02-23 19:42:51 INFO  [dao_layer.readHorcesInRace]: read horces in race
2019-02-23 19:42:51 INFO  [dao_layer.getDBConnector]: requested to db connector
2019-02-23 19:42:51 INFO  [dao_layer.<init>]: Connection to database from dao inited
2019-02-23 19:42:51 INFO  [dao_layer.getDBConnector]: requested to db connector
2019-02-23 19:42:51 INFO  [dao_layer.readRacesByDate]: read races by date
2019-02-23 19:42:51 INFO  [dao_layer.getDBConnector]: requested to db connector
2019-02-23 19:42:51 INFO  [dao_layer.<init>]: Connection to database from dao inited
2019-02-23 19:42:51 INFO  [dao_layer.getDBConnector]: requested to db connector
2019-02-23 19:42:51 INFO  [dao_layer.readWinnersByRace]: read winners
2019-02-23 19:42:51 INFO  [dao_layer.getDBConnector]: requested to db connector
2019-02-23 19:42:51 INFO  [dao_layer.<init>]: Connection to database from dao inited
2019-02-23 19:42:51 INFO  [dao_layer.getDBConnector]: requested to db connector
2019-02-23 19:42:51 INFO  [dao_layer.setHoresPositionInRace]: set horse in race result races
2019-02-23 19:42:51 INFO  [dao_layer.getDBConnector]: requested to db connector
2019-02-24 15:35:06 ERROR [by.isysoi.view.Main.main]: Failed to get horses by race id
by.isysoi.model.exception.HorseRaceControllerException: Failed to get horses by race id
	at by.isysoi.controller.HorseRaceController.getHorsesByRaceId(HorseRaceController.java:36) ~[lab8/:?]
	at by.isysoi.view.Main.main(Main.java:19) [lab8/:?]
Caused by: by.isysoi.model.exception.DAOException: Can't create DBConnectorPool 
	at by.isysoi.model.dao.DAO.<init>(DAO.java:34) ~[lab8/:?]
	at by.isysoi.model.dao.RaceDAO.<init>(RaceDAO.java:47) ~[lab8/:?]
	at by.isysoi.controller.HorseRaceController.getHorsesByRaceId(HorseRaceController.java:32) ~[lab8/:?]
	... 1 more
Caused by: by.isysoi.model.exception.DBConnectionException: Failed to establish connection
	at by.isysoi.model.DBConnectorPool.<init>(DBConnectorPool.java:70) ~[lab8/:?]
	at by.isysoi.model.DBConnectorPool.getInstance(DBConnectorPool.java:82) ~[lab8/:?]
	at by.isysoi.model.dao.DAO.<init>(DAO.java:31) ~[lab8/:?]
	at by.isysoi.model.dao.RaceDAO.<init>(RaceDAO.java:47) ~[lab8/:?]
	at by.isysoi.controller.HorseRaceController.getHorsesByRaceId(HorseRaceController.java:32) ~[lab8/:?]
	... 1 more
2019-02-24 15:35:37 INFO  [dao_layer.<init>]: Connection to database from dao inited
2019-02-24 15:35:37 INFO  [dao_layer.getDBConnector]: requested to db connector
2019-02-24 15:35:37 INFO  [dao_layer.readHorcesInRace]: read horces in race
2019-02-24 15:35:37 INFO  [dao_layer.getDBConnector]: requested to db connector
2019-02-24 15:35:37 INFO  [dao_layer.<init>]: Connection to database from dao inited
2019-02-24 15:35:37 INFO  [dao_layer.getDBConnector]: requested to db connector
2019-02-24 15:35:37 INFO  [dao_layer.readRacesByDate]: read races by date
2019-02-24 15:35:37 INFO  [dao_layer.getDBConnector]: requested to db connector
2019-02-24 15:35:37 INFO  [dao_layer.<init>]: Connection to database from dao inited
2019-02-24 15:35:37 INFO  [dao_layer.getDBConnector]: requested to db connector
2019-02-24 15:35:37 INFO  [dao_layer.readWinnersByRace]: read winners
2019-02-24 15:35:37 INFO  [dao_layer.getDBConnector]: requested to db connector
2019-02-24 15:35:37 INFO  [dao_layer.<init>]: Connection to database from dao inited
2019-02-24 15:35:37 INFO  [dao_layer.getDBConnector]: requested to db connector
2019-02-24 15:35:37 INFO  [dao_layer.setHoresPositionInRace]: set horse in race result races
2019-02-24 15:35:37 INFO  [dao_layer.getDBConnector]: requested to db connector
2019-02-24 15:36:12 ERROR [by.isysoi.view.Main.main]: Failed to get horses by race id
by.isysoi.model.exception.HorseRaceControllerException: Failed to get horses by race id
	at by.isysoi.controller.HorseRaceController.getHorsesByRaceId(HorseRaceController.java:36) ~[lab8/:?]
	at by.isysoi.view.Main.main(Main.java:19) [lab8/:?]
Caused by: by.isysoi.model.exception.DAOException: Can't create DBConnectorPool 
	at by.isysoi.model.dao.DAO.<init>(DAO.java:34) ~[lab8/:?]
	at by.isysoi.model.dao.RaceDAO.<init>(RaceDAO.java:47) ~[lab8/:?]
	at by.isysoi.controller.HorseRaceController.getHorsesByRaceId(HorseRaceController.java:32) ~[lab8/:?]
	... 1 more
Caused by: by.isysoi.model.exception.DBConnectionException: Failed to establish connection
	at by.isysoi.model.DBConnectorPool.<init>(DBConnectorPool.java:70) ~[lab8/:?]
	at by.isysoi.model.DBConnectorPool.getInstance(DBConnectorPool.java:82) ~[lab8/:?]
	at by.isysoi.model.dao.DAO.<init>(DAO.java:31) ~[lab8/:?]
	at by.isysoi.model.dao.RaceDAO.<init>(RaceDAO.java:47) ~[lab8/:?]
	at by.isysoi.controller.HorseRaceController.getHorsesByRaceId(HorseRaceController.java:32) ~[lab8/:?]
	... 1 more
2019-02-24 16:21:52 ERROR [by.isysoi.view.Main.main]: Failed to get horses by race id
by.isysoi.model.exception.HorseRaceControllerException: Failed to get horses by race id
	at by.isysoi.controller.HorseRaceController.getHorsesByRaceId(HorseRaceController.java:36) ~[lab8/:?]
	at by.isysoi.view.Main.main(Main.java:19) [lab8/:?]
Caused by: by.isysoi.model.exception.DAOException: Can't create DBConnectorPool 
	at by.isysoi.model.dao.DAO.<init>(DAO.java:34) ~[lab8/:?]
	at by.isysoi.model.dao.RaceDAO.<init>(RaceDAO.java:47) ~[lab8/:?]
	at by.isysoi.controller.HorseRaceController.getHorsesByRaceId(HorseRaceController.java:32) ~[lab8/:?]
	... 1 more
Caused by: by.isysoi.model.exception.DBConnectionException: Error loading driver!
	at by.isysoi.model.DBConnectorPool.<init>(DBConnectorPool.java:56) ~[lab8/:?]
	at by.isysoi.model.DBConnectorPool.getInstance(DBConnectorPool.java:82) ~[lab8/:?]
	at by.isysoi.model.dao.DAO.<init>(DAO.java:31) ~[lab8/:?]
	at by.isysoi.model.dao.RaceDAO.<init>(RaceDAO.java:47) ~[lab8/:?]
	at by.isysoi.controller.HorseRaceController.getHorsesByRaceId(HorseRaceController.java:32) ~[lab8/:?]
	... 1 more
2019-02-24 16:22:33 INFO  [dao_layer.<init>]: Connection to database from dao inited
2019-02-24 16:22:33 INFO  [dao_layer.getDBConnector]: requested to db connector
2019-02-24 16:22:33 INFO  [dao_layer.readHorcesInRace]: read horces in race
2019-02-24 16:22:33 INFO  [dao_layer.getDBConnector]: requested to db connector
2019-02-24 16:22:33 INFO  [dao_layer.<init>]: Connection to database from dao inited
2019-02-24 16:22:33 INFO  [dao_layer.getDBConnector]: requested to db connector
2019-02-24 16:22:33 INFO  [dao_layer.readRacesByDate]: read races by date
2019-02-24 16:22:33 INFO  [dao_layer.getDBConnector]: requested to db connector
2019-02-24 16:22:33 INFO  [dao_layer.<init>]: Connection to database from dao inited
2019-02-24 16:22:33 INFO  [dao_layer.getDBConnector]: requested to db connector
2019-02-24 16:22:33 INFO  [dao_layer.readWinnersByRace]: read winners
2019-02-24 16:22:33 INFO  [dao_layer.getDBConnector]: requested to db connector
2019-02-24 16:22:33 INFO  [dao_layer.<init>]: Connection to database from dao inited
2019-02-24 16:22:33 INFO  [dao_layer.getDBConnector]: requested to db connector
2019-02-24 16:22:33 INFO  [dao_layer.setHoresPositionInRace]: set horse in race result races
2019-02-24 16:22:33 INFO  [dao_layer.getDBConnector]: requested to db connector
2019-02-24 16:24:08 INFO  [dao_layer.<init>]: Connection to database from dao inited
2019-02-24 16:24:08 INFO  [dao_layer.getDBConnector]: requested to db connector
2019-02-24 16:24:08 INFO  [dao_layer.readHorcesInRace]: read horces in race
2019-02-24 16:24:08 INFO  [dao_layer.getDBConnector]: requested to db connector
2019-02-24 16:24:08 INFO  [dao_layer.<init>]: Connection to database from dao inited
2019-02-24 16:24:08 INFO  [dao_layer.getDBConnector]: requested to db connector
2019-02-24 16:24:08 INFO  [dao_layer.readRacesByDate]: read races by date
2019-02-24 16:24:08 INFO  [dao_layer.getDBConnector]: requested to db connector
2019-02-24 16:24:08 INFO  [dao_layer.<init>]: Connection to database from dao inited
2019-02-24 16:24:08 INFO  [dao_layer.getDBConnector]: requested to db connector
2019-02-24 16:24:08 INFO  [dao_layer.readWinnersByRace]: read winners
2019-02-24 16:24:08 INFO  [dao_layer.getDBConnector]: requested to db connector
2019-02-24 16:24:08 INFO  [dao_layer.<init>]: Connection to database from dao inited
2019-02-24 16:24:08 INFO  [dao_layer.getDBConnector]: requested to db connector
2019-02-24 16:24:08 INFO  [dao_layer.setHoresPositionInRace]: set horse in race result races
2019-02-24 16:24:08 INFO  [dao_layer.getDBConnector]: requested to db connector
2019-02-24 16:24:08 INFO  [dao_layer.<init>]: Connection to database from dao inited
2019-02-24 16:24:08 INFO  [dao_layer.getDBConnector]: requested to db connector
2019-02-24 16:24:08 INFO  [dao_layer.getDBConnector]: requested to db connector
2019-02-24 16:24:08 ERROR [by.isysoi.view.Main.main]: Failed add horse
by.isysoi.model.exception.HorseRaceControllerException: Failed add horse
	at by.isysoi.controller.HorseRaceController.addHorceToRace(HorseRaceController.java:81) ~[lab8/:?]
	at by.isysoi.view.Main.main(Main.java:31) [lab8/:?]
Caused by: by.isysoi.model.exception.DAOException: Delete Race exception 
	at by.isysoi.model.dao.RaceDAO.addHorseToRace(RaceDAO.java:239) ~[lab8/:?]
	at by.isysoi.controller.HorseRaceController.addHorceToRace(HorseRaceController.java:78) ~[lab8/:?]
	... 1 more
Caused by: java.sql.SQLIntegrityConstraintViolationException: Error: can not added horse. It has already race in that date
	at com.mysql.cj.jdbc.exceptions.SQLError.createSQLException(SQLError.java:117) ~[mysql-connector-java-8.0.15.jar:8.0.15]
	at com.mysql.cj.jdbc.exceptions.SQLError.createSQLException(SQLError.java:97) ~[mysql-connector-java-8.0.15.jar:8.0.15]
	at com.mysql.cj.jdbc.exceptions.SQLExceptionsMapping.translateException(SQLExceptionsMapping.java:122) ~[mysql-connector-java-8.0.15.jar:8.0.15]
	at com.mysql.cj.jdbc.ClientPreparedStatement.executeInternal(ClientPreparedStatement.java:970) ~[mysql-connector-java-8.0.15.jar:8.0.15]
	at com.mysql.cj.jdbc.ClientPreparedStatement.execute(ClientPreparedStatement.java:387) ~[mysql-connector-java-8.0.15.jar:8.0.15]
	at by.isysoi.model.dao.RaceDAO.addHorseToRace(RaceDAO.java:236) ~[lab8/:?]
	at by.isysoi.controller.HorseRaceController.addHorceToRace(HorseRaceController.java:78) ~[lab8/:?]
	... 1 more
2019-02-26 20:59:58 INFO  [dao_layer.<init>]: Connection to database from dao inited
2019-02-26 20:59:58 INFO  [dao_layer.getDBConnector]: requested to db connector
2019-02-26 20:59:59 INFO  [dao_layer.readHorcesInRace]: read horces in race
2019-02-26 20:59:59 INFO  [dao_layer.getDBConnector]: requested to db connector
2019-02-26 20:59:59 INFO  [dao_layer.<init>]: Connection to database from dao inited
2019-02-26 20:59:59 INFO  [dao_layer.getDBConnector]: requested to db connector
2019-02-26 20:59:59 INFO  [dao_layer.readRacesByDate]: read races by date
2019-02-26 20:59:59 INFO  [dao_layer.getDBConnector]: requested to db connector
2019-02-26 20:59:59 INFO  [dao_layer.<init>]: Connection to database from dao inited
2019-02-26 20:59:59 INFO  [dao_layer.getDBConnector]: requested to db connector
2019-02-26 20:59:59 INFO  [dao_layer.readWinnersByRace]: read winners
2019-02-26 20:59:59 INFO  [dao_layer.getDBConnector]: requested to db connector
2019-02-26 20:59:59 INFO  [dao_layer.<init>]: Connection to database from dao inited
2019-02-26 20:59:59 INFO  [dao_layer.getDBConnector]: requested to db connector
2019-02-26 20:59:59 INFO  [dao_layer.setHoresPositionInRace]: set horse in race result races
2019-02-26 20:59:59 INFO  [dao_layer.getDBConnector]: requested to db connector
2019-02-26 20:59:59 INFO  [dao_layer.<init>]: Connection to database from dao inited
2019-02-26 20:59:59 INFO  [dao_layer.getDBConnector]: requested to db connector
2019-02-26 20:59:59 INFO  [dao_layer.getDBConnector]: requested to db connector
2019-02-26 20:59:59 ERROR [by.isysoi.view.Main.main]: Failed add horse
by.isysoi.model.exception.HorseRaceControllerException: Failed add horse
	at by.isysoi.controller.HorseRaceController.addHorceToRace(HorseRaceController.java:81) ~[lab9/:?]
	at by.isysoi.view.Main.main(Main.java:31) [lab9/:?]
Caused by: by.isysoi.model.exception.DAOException: Delete Race exception 
	at by.isysoi.model.dao.RaceDAO.addHorseToRace(RaceDAO.java:269) ~[lab9/:?]
	at by.isysoi.controller.HorseRaceController.addHorceToRace(HorseRaceController.java:78) ~[lab9/:?]
	... 1 more
Caused by: java.sql.SQLIntegrityConstraintViolationException: Error: can not added horse. It has already race in that date
	at com.mysql.cj.jdbc.exceptions.SQLError.createSQLException(SQLError.java:117) ~[mysql-connector-java-8.0.15.jar:8.0.15]
	at com.mysql.cj.jdbc.exceptions.SQLError.createSQLException(SQLError.java:97) ~[mysql-connector-java-8.0.15.jar:8.0.15]
	at com.mysql.cj.jdbc.exceptions.SQLExceptionsMapping.translateException(SQLExceptionsMapping.java:122) ~[mysql-connector-java-8.0.15.jar:8.0.15]
	at com.mysql.cj.jdbc.ClientPreparedStatement.executeInternal(ClientPreparedStatement.java:970) ~[mysql-connector-java-8.0.15.jar:8.0.15]
	at com.mysql.cj.jdbc.ClientPreparedStatement.execute(ClientPreparedStatement.java:387) ~[mysql-connector-java-8.0.15.jar:8.0.15]
	at by.isysoi.model.dao.RaceDAO.addHorseToRace(RaceDAO.java:266) ~[lab9/:?]
	at by.isysoi.controller.HorseRaceController.addHorceToRace(HorseRaceController.java:78) ~[lab9/:?]
	... 1 more
