2019-02-18 18:18:20 INFO  [dao_layer.<init>]: Connection to database from dao inited
2019-02-18 18:18:23 INFO  [dao_layer.readHorcesInRace]: read horces in race
2019-02-18 18:18:23 INFO  [dao_layer.<init>]: Connection to database from dao inited
2019-02-18 18:18:26 INFO  [dao_layer.readRacesByDate]: read races by date
2019-02-18 18:18:26 INFO  [dao_layer.<init>]: Connection to database from dao inited
2019-02-18 18:18:31 INFO  [dao_layer.readWinnersByRace]: read winners
2019-02-18 18:18:31 INFO  [dao_layer.<init>]: Connection to database from dao inited
2019-02-18 18:18:35 INFO  [dao_layer.setHoresPositionInRace]: set horse in race result races
2019-02-18 18:20:16 INFO  [dao_layer.<init>]: Connection to database from dao inited
2019-02-18 18:20:19 INFO  [dao_layer.<init>]: Connection to database from dao inited
2019-02-18 18:20:22 INFO  [dao_layer.readHorcesInRace]: read horces in race
2019-02-18 18:20:22 INFO  [dao_layer.<init>]: Connection to database from dao inited
2019-02-18 18:32:27 INFO  [dao_layer.<init>]: Connection to database from dao inited
2019-02-18 18:32:27 INFO  [dao_layer.getDBConnector]: requested to db connector
2019-02-18 18:32:30 INFO  [dao_layer.readHorcesInRace]: read horces in race
2019-02-18 18:32:30 INFO  [dao_layer.getDBConnector]: requested to db connector
2019-02-18 18:32:30 INFO  [dao_layer.<init>]: Connection to database from dao inited
2019-02-18 18:32:30 INFO  [dao_layer.getDBConnector]: requested to db connector
2019-02-18 18:32:36 INFO  [dao_layer.readRacesByDate]: read races by date
2019-02-18 18:32:36 INFO  [dao_layer.getDBConnector]: requested to db connector
2019-02-18 18:32:36 INFO  [dao_layer.<init>]: Connection to database from dao inited
2019-02-18 18:32:36 INFO  [dao_layer.getDBConnector]: requested to db connector
2019-02-18 18:32:38 INFO  [dao_layer.readWinnersByRace]: read winners
2019-02-18 18:32:38 INFO  [dao_layer.getDBConnector]: requested to db connector
2019-02-18 18:32:38 INFO  [dao_layer.<init>]: Connection to database from dao inited
2019-02-18 18:32:38 INFO  [dao_layer.getDBConnector]: requested to db connector
2019-02-18 18:32:43 INFO  [dao_layer.setHoresPositionInRace]: set horse in race result races
2019-02-18 18:32:43 INFO  [dao_layer.getDBConnector]: requested to db connector
